<?xml version="1.0" encoding="UTF-8"?>
<testng-results skipped="0" failed="0" ignored="0" total="1" passed="1">
  <reporter-output>
  </reporter-output>
  <suite name="Suite" duration-ms="83" started-at="2019-12-17T09:05:13Z" finished-at="2019-12-17T09:05:13Z">
    <groups>
    </groups>
    <test name="Test" duration-ms="83" started-at="2019-12-17T09:05:13Z" finished-at="2019-12-17T09:05:13Z">
      <class name="SeleniumTraning.NewTest">
        <test-method status="PASS" signature="BeforeTest()[pri:0, instance:SeleniumTraning.NewTest@4520ebad]" name="BeforeTest" is-config="true" duration-ms="26" started-at="2019-12-17T09:05:13Z" finished-at="2019-12-17T09:05:13Z">
          <reporter-output>
          </reporter-output>
        </test-method> <!-- BeforeTest -->
        <test-method status="PASS" signature="BeforeClass()[pri:0, instance:SeleniumTraning.NewTest@4520ebad]" name="BeforeClass" is-config="true" duration-ms="1" started-at="2019-12-17T09:05:13Z" finished-at="2019-12-17T09:05:13Z">
          <reporter-output>
          </reporter-output>
        </test-method> <!-- BeforeClass -->
        <test-method status="PASS" signature="BeforeMethod()[pri:0, instance:SeleniumTraning.NewTest@4520ebad]" name="BeforeMethod" is-config="true" duration-ms="0" started-at="2019-12-17T09:05:13Z" finished-at="2019-12-17T09:05:13Z">
          <reporter-output>
          </reporter-output>
        </test-method> <!-- BeforeMethod -->
        <test-method status="PASS" signature="test()[pri:0, instance:SeleniumTraning.NewTest@4520ebad]" name="test" duration-ms="12" started-at="2019-12-17T09:05:13Z" finished-at="2019-12-17T09:05:13Z">
          <reporter-output>
          </reporter-output>
        </test-method> <!-- test -->
        <test-method status="PASS" signature="AfterMethod()[pri:0, instance:SeleniumTraning.NewTest@4520ebad]" name="AfterMethod" is-config="true" duration-ms="1" started-at="2019-12-17T09:05:13Z" finished-at="2019-12-17T09:05:13Z">
          <reporter-output>
          </reporter-output>
        </test-method> <!-- AfterMethod -->
        <test-method status="PASS" signature="AfterClass()[pri:0, instance:SeleniumTraning.NewTest@4520ebad]" name="AfterClass" is-config="true" duration-ms="0" started-at="2019-12-17T09:05:13Z" finished-at="2019-12-17T09:05:13Z">
          <reporter-output>
          </reporter-output>
        </test-method> <!-- AfterClass -->
        <test-method status="PASS" signature="AfterTest()[pri:0, instance:SeleniumTraning.NewTest@4520ebad]" name="AfterTest" is-config="true" duration-ms="1" started-at="2019-12-17T09:05:13Z" finished-at="2019-12-17T09:05:13Z">
          <reporter-output>
          </reporter-output>
        </test-method> <!-- AfterTest -->
      </class> <!-- SeleniumTraning.NewTest -->
    </test> <!-- Test -->
  </suite> <!-- Suite -->
</testng-results>
